{"C:\\Nuclei\\Assignment 1\\index.ts": {"path":"C:\\Nuclei\\Assignment 1\\index.ts","all":false,"statementMap":{"0":{"start":{"line":1,"column":0},"end":{"line":1,"column":74}},"1":{"start":{"line":2,"column":0},"end":{"line":2,"column":0}},"2":{"start":{"line":3,"column":0},"end":{"line":3,"column":24}},"3":{"start":{"line":4,"column":0},"end":{"line":4,"column":58}},"4":{"start":{"line":5,"column":0},"end":{"line":5,"column":33}},"5":{"start":{"line":6,"column":0},"end":{"line":6,"column":11}},"6":{"start":{"line":7,"column":0},"end":{"line":7,"column":1}}},"s":{"0":1,"1":1,"2":1,"3":1,"4":1,"5":1,"6":1},"branchMap":{"0":{"type":"branch","line":3,"loc":{"start":{"line":3,"column":7},"end":{"line":7,"column":1}},"locations":[{"start":{"line":3,"column":7},"end":{"line":7,"column":1}}]}},"b":{"0":[1]},"fnMap":{"0":{"name":"main","decl":{"start":{"line":3,"column":7},"end":{"line":7,"column":1}},"loc":{"start":{"line":3,"column":7},"end":{"line":7,"column":1}},"line":3}},"f":{"0":1}}
,"C:\\Nuclei\\Assignment 1\\utility\\constant.ts": {"path":"C:\\Nuclei\\Assignment 1\\utility\\constant.ts","all":false,"statementMap":{"0":{"start":{"line":1,"column":0},"end":{"line":1,"column":54}},"1":{"start":{"line":2,"column":0},"end":{"line":2,"column":38}},"2":{"start":{"line":3,"column":0},"end":{"line":3,"column":62}},"3":{"start":{"line":4,"column":0},"end":{"line":4,"column":44}},"4":{"start":{"line":5,"column":0},"end":{"line":5,"column":0}},"5":{"start":{"line":6,"column":0},"end":{"line":6,"column":28}},"6":{"start":{"line":7,"column":0},"end":{"line":7,"column":41}},"7":{"start":{"line":8,"column":0},"end":{"line":8,"column":59}},"8":{"start":{"line":9,"column":0},"end":{"line":9,"column":51}},"9":{"start":{"line":10,"column":0},"end":{"line":10,"column":2}}},"s":{"0":1,"1":1,"2":1,"3":1,"4":1,"5":1,"6":1,"7":1,"8":1,"9":1},"branchMap":{"0":{"type":"branch","line":7,"loc":{"start":{"line":7,"column":7},"end":{"line":7,"column":41}},"locations":[{"start":{"line":7,"column":7},"end":{"line":7,"column":41}}]},"1":{"type":"branch","line":8,"loc":{"start":{"line":8,"column":16},"end":{"line":8,"column":59}},"locations":[{"start":{"line":8,"column":16},"end":{"line":8,"column":59}}]},"2":{"type":"branch","line":9,"loc":{"start":{"line":9,"column":12},"end":{"line":9,"column":51}},"locations":[{"start":{"line":9,"column":12},"end":{"line":9,"column":51}}]}},"b":{"0":[7],"1":[5],"2":[9]},"fnMap":{"0":{"name":"raw","decl":{"start":{"line":7,"column":7},"end":{"line":7,"column":41}},"loc":{"start":{"line":7,"column":7},"end":{"line":7,"column":41}},"line":7},"1":{"name":"manufactured","decl":{"start":{"line":8,"column":16},"end":{"line":8,"column":59}},"loc":{"start":{"line":8,"column":16},"end":{"line":8,"column":59}},"line":8},"2":{"name":"imported","decl":{"start":{"line":9,"column":12},"end":{"line":9,"column":51}},"loc":{"start":{"line":9,"column":12},"end":{"line":9,"column":51}},"line":9}},"f":{"0":7,"1":5,"2":9}}
,"C:\\Nuclei\\Assignment 1\\utility\\utils.ts": {"path":"C:\\Nuclei\\Assignment 1\\utility\\utils.ts","all":false,"statementMap":{"0":{"start":{"line":1,"column":0},"end":{"line":1,"column":38}},"1":{"start":{"line":2,"column":0},"end":{"line":2,"column":0}},"2":{"start":{"line":3,"column":0},"end":{"line":3,"column":37}},"3":{"start":{"line":4,"column":0},"end":{"line":4,"column":44}},"4":{"start":{"line":5,"column":0},"end":{"line":5,"column":31}},"5":{"start":{"line":6,"column":0},"end":{"line":6,"column":1}},"6":{"start":{"line":7,"column":0},"end":{"line":7,"column":0}},"7":{"start":{"line":8,"column":0},"end":{"line":8,"column":62}},"8":{"start":{"line":9,"column":0},"end":{"line":9,"column":15}},"9":{"start":{"line":10,"column":0},"end":{"line":10,"column":98}},"10":{"start":{"line":11,"column":0},"end":{"line":11,"column":25}},"11":{"start":{"line":12,"column":0},"end":{"line":12,"column":17}},"12":{"start":{"line":13,"column":0},"end":{"line":13,"column":3}},"13":{"start":{"line":14,"column":0},"end":{"line":14,"column":0}},"14":{"start":{"line":15,"column":0},"end":{"line":15,"column":43}},"15":{"start":{"line":16,"column":0},"end":{"line":16,"column":45}},"16":{"start":{"line":17,"column":0},"end":{"line":17,"column":51}},"17":{"start":{"line":18,"column":0},"end":{"line":18,"column":65}},"18":{"start":{"line":19,"column":0},"end":{"line":19,"column":0}},"19":{"start":{"line":20,"column":0},"end":{"line":20,"column":42}},"20":{"start":{"line":21,"column":0},"end":{"line":21,"column":40}},"21":{"start":{"line":22,"column":0},"end":{"line":22,"column":17}},"22":{"start":{"line":23,"column":0},"end":{"line":23,"column":3}},"23":{"start":{"line":24,"column":0},"end":{"line":24,"column":44}},"24":{"start":{"line":25,"column":0},"end":{"line":25,"column":40}},"25":{"start":{"line":26,"column":0},"end":{"line":26,"column":17}},"26":{"start":{"line":27,"column":0},"end":{"line":27,"column":3}},"27":{"start":{"line":28,"column":0},"end":{"line":28,"column":50}},"28":{"start":{"line":29,"column":0},"end":{"line":29,"column":43}},"29":{"start":{"line":30,"column":0},"end":{"line":30,"column":17}},"30":{"start":{"line":31,"column":0},"end":{"line":31,"column":3}},"31":{"start":{"line":32,"column":0},"end":{"line":32,"column":42}},"32":{"start":{"line":33,"column":0},"end":{"line":33,"column":39}},"33":{"start":{"line":34,"column":0},"end":{"line":34,"column":17}},"34":{"start":{"line":35,"column":0},"end":{"line":35,"column":3}},"35":{"start":{"line":36,"column":0},"end":{"line":36,"column":0}},"36":{"start":{"line":37,"column":0},"end":{"line":37,"column":14}},"37":{"start":{"line":38,"column":0},"end":{"line":38,"column":1}},"38":{"start":{"line":39,"column":0},"end":{"line":39,"column":0}},"39":{"start":{"line":40,"column":0},"end":{"line":40,"column":52}},"40":{"start":{"line":41,"column":0},"end":{"line":41,"column":37}},"41":{"start":{"line":42,"column":0},"end":{"line":42,"column":37}},"42":{"start":{"line":43,"column":0},"end":{"line":43,"column":3}},"43":{"start":{"line":44,"column":0},"end":{"line":44,"column":42}},"44":{"start":{"line":45,"column":0},"end":{"line":45,"column":43}},"45":{"start":{"line":46,"column":0},"end":{"line":46,"column":49}},"46":{"start":{"line":47,"column":0},"end":{"line":47,"column":63}},"47":{"start":{"line":48,"column":0},"end":{"line":48,"column":0}},"48":{"start":{"line":49,"column":0},"end":{"line":49,"column":59}},"49":{"start":{"line":50,"column":0},"end":{"line":50,"column":56}},"50":{"start":{"line":51,"column":0},"end":{"line":51,"column":65}},"51":{"start":{"line":52,"column":0},"end":{"line":52,"column":45}},"52":{"start":{"line":53,"column":0},"end":{"line":53,"column":6}},"53":{"start":{"line":54,"column":0},"end":{"line":54,"column":12}},"54":{"start":{"line":55,"column":0},"end":{"line":55,"column":13}},"55":{"start":{"line":56,"column":0},"end":{"line":56,"column":16}},"56":{"start":{"line":57,"column":0},"end":{"line":57,"column":12}},"57":{"start":{"line":58,"column":0},"end":{"line":58,"column":70}},"58":{"start":{"line":59,"column":0},"end":{"line":59,"column":5}},"59":{"start":{"line":60,"column":0},"end":{"line":60,"column":37}},"60":{"start":{"line":61,"column":0},"end":{"line":61,"column":3}},"61":{"start":{"line":62,"column":0},"end":{"line":62,"column":20}},"62":{"start":{"line":63,"column":0},"end":{"line":63,"column":9}},"63":{"start":{"line":64,"column":0},"end":{"line":64,"column":10}},"64":{"start":{"line":65,"column":0},"end":{"line":65,"column":13}},"65":{"start":{"line":66,"column":0},"end":{"line":66,"column":9}},"66":{"start":{"line":67,"column":0},"end":{"line":67,"column":4}},"67":{"start":{"line":68,"column":0},"end":{"line":68,"column":14}},"68":{"start":{"line":69,"column":0},"end":{"line":69,"column":1}}},"s":{"0":1,"1":1,"2":1,"3":0,"4":0,"5":0,"6":1,"7":1,"8":54,"9":54,"10":54,"11":21,"12":21,"13":33,"14":33,"15":33,"16":33,"17":33,"18":33,"19":54,"20":1,"21":1,"22":1,"23":54,"24":1,"25":1,"26":1,"27":54,"28":1,"29":1,"30":1,"31":54,"32":1,"33":1,"34":1,"35":29,"36":29,"37":29,"38":1,"39":1,"40":33,"41":9,"42":9,"43":24,"44":24,"45":24,"46":24,"47":24,"48":33,"49":33,"50":33,"51":33,"52":33,"53":33,"54":24,"55":24,"56":24,"57":24,"58":33,"59":0,"60":0,"61":24,"62":24,"63":24,"64":24,"65":24,"66":24,"67":24,"68":24},"branchMap":{"0":{"type":"branch","line":8,"loc":{"start":{"line":8,"column":7},"end":{"line":38,"column":1}},"locations":[{"start":{"line":8,"column":7},"end":{"line":38,"column":1}}]},"1":{"type":"branch","line":11,"loc":{"start":{"line":11,"column":24},"end":{"line":13,"column":3}},"locations":[{"start":{"line":11,"column":24},"end":{"line":13,"column":3}}]},"2":{"type":"branch","line":13,"loc":{"start":{"line":13,"column":2},"end":{"line":20,"column":41}},"locations":[{"start":{"line":13,"column":2},"end":{"line":20,"column":41}}]},"3":{"type":"branch","line":20,"loc":{"start":{"line":20,"column":41},"end":{"line":23,"column":3}},"locations":[{"start":{"line":20,"column":41},"end":{"line":23,"column":3}}]},"4":{"type":"branch","line":23,"loc":{"start":{"line":23,"column":2},"end":{"line":24,"column":43}},"locations":[{"start":{"line":23,"column":2},"end":{"line":24,"column":43}}]},"5":{"type":"branch","line":24,"loc":{"start":{"line":24,"column":43},"end":{"line":27,"column":3}},"locations":[{"start":{"line":24,"column":43},"end":{"line":27,"column":3}}]},"6":{"type":"branch","line":27,"loc":{"start":{"line":27,"column":2},"end":{"line":28,"column":49}},"locations":[{"start":{"line":27,"column":2},"end":{"line":28,"column":49}}]},"7":{"type":"branch","line":28,"loc":{"start":{"line":28,"column":49},"end":{"line":31,"column":3}},"locations":[{"start":{"line":28,"column":49},"end":{"line":31,"column":3}}]},"8":{"type":"branch","line":31,"loc":{"start":{"line":31,"column":2},"end":{"line":32,"column":41}},"locations":[{"start":{"line":31,"column":2},"end":{"line":32,"column":41}}]},"9":{"type":"branch","line":32,"loc":{"start":{"line":32,"column":41},"end":{"line":35,"column":3}},"locations":[{"start":{"line":32,"column":41},"end":{"line":35,"column":3}}]},"10":{"type":"branch","line":35,"loc":{"start":{"line":35,"column":2},"end":{"line":38,"column":1}},"locations":[{"start":{"line":35,"column":2},"end":{"line":38,"column":1}}]},"11":{"type":"branch","line":40,"loc":{"start":{"line":40,"column":7},"end":{"line":69,"column":1}},"locations":[{"start":{"line":40,"column":7},"end":{"line":69,"column":1}}]},"12":{"type":"branch","line":41,"loc":{"start":{"line":41,"column":36},"end":{"line":43,"column":3}},"locations":[{"start":{"line":41,"column":36},"end":{"line":43,"column":3}}]},"13":{"type":"branch","line":43,"loc":{"start":{"line":43,"column":2},"end":{"line":49,"column":54}},"locations":[{"start":{"line":43,"column":2},"end":{"line":49,"column":54}}]},"14":{"type":"branch","line":49,"loc":{"start":{"line":49,"column":50},"end":{"line":49,"column":59}},"locations":[{"start":{"line":49,"column":50},"end":{"line":49,"column":59}}]},"15":{"type":"branch","line":50,"loc":{"start":{"line":50,"column":14},"end":{"line":50,"column":51}},"locations":[{"start":{"line":50,"column":14},"end":{"line":50,"column":51}}]},"16":{"type":"branch","line":50,"loc":{"start":{"line":50,"column":47},"end":{"line":50,"column":56}},"locations":[{"start":{"line":50,"column":47},"end":{"line":50,"column":56}}]},"17":{"type":"branch","line":51,"loc":{"start":{"line":51,"column":17},"end":{"line":51,"column":60}},"locations":[{"start":{"line":51,"column":17},"end":{"line":51,"column":60}}]},"18":{"type":"branch","line":51,"loc":{"start":{"line":51,"column":56},"end":{"line":51,"column":65}},"locations":[{"start":{"line":51,"column":56},"end":{"line":51,"column":65}}]},"19":{"type":"branch","line":52,"loc":{"start":{"line":52,"column":13},"end":{"line":52,"column":40}},"locations":[{"start":{"line":52,"column":13},"end":{"line":52,"column":40}}]},"20":{"type":"branch","line":52,"loc":{"start":{"line":52,"column":36},"end":{"line":52,"column":45}},"locations":[{"start":{"line":52,"column":36},"end":{"line":52,"column":45}}]},"21":{"type":"branch","line":54,"loc":{"start":{"line":54,"column":5},"end":{"line":55,"column":13}},"locations":[{"start":{"line":54,"column":5},"end":{"line":55,"column":13}}]},"22":{"type":"branch","line":55,"loc":{"start":{"line":55,"column":5},"end":{"line":56,"column":16}},"locations":[{"start":{"line":55,"column":5},"end":{"line":56,"column":16}}]},"23":{"type":"branch","line":56,"loc":{"start":{"line":56,"column":5},"end":{"line":57,"column":12}},"locations":[{"start":{"line":56,"column":5},"end":{"line":57,"column":12}}]},"24":{"type":"branch","line":57,"loc":{"start":{"line":57,"column":5},"end":{"line":58,"column":70}},"locations":[{"start":{"line":57,"column":5},"end":{"line":58,"column":70}}]},"25":{"type":"branch","line":58,"loc":{"start":{"line":58,"column":14},"end":{"line":58,"column":50}},"locations":[{"start":{"line":58,"column":14},"end":{"line":58,"column":50}}]},"26":{"type":"branch","line":58,"loc":{"start":{"line":58,"column":32},"end":{"line":58,"column":70}},"locations":[{"start":{"line":58,"column":32},"end":{"line":58,"column":70}}]},"27":{"type":"branch","line":59,"loc":{"start":{"line":59,"column":4},"end":{"line":61,"column":3}},"locations":[{"start":{"line":59,"column":4},"end":{"line":61,"column":3}}]},"28":{"type":"branch","line":61,"loc":{"start":{"line":61,"column":2},"end":{"line":69,"column":1}},"locations":[{"start":{"line":61,"column":2},"end":{"line":69,"column":1}}]}},"b":{"0":[54],"1":[21],"2":[33],"3":[1],"4":[32],"5":[1],"6":[31],"7":[1],"8":[30],"9":[1],"10":[29],"11":[33],"12":[9],"13":[24],"14":[0],"15":[24],"16":[0],"17":[24],"18":[0],"19":[24],"20":[0],"21":[24],"22":[24],"23":[24],"24":[24],"25":[16],"26":[10],"27":[0],"28":[24]},"fnMap":{"0":{"name":"readALine","decl":{"start":{"line":3,"column":7},"end":{"line":6,"column":1}},"loc":{"start":{"line":3,"column":7},"end":{"line":6,"column":1}},"line":3},"1":{"name":"isValidItemDetailsString","decl":{"start":{"line":8,"column":7},"end":{"line":38,"column":1}},"loc":{"start":{"line":8,"column":7},"end":{"line":38,"column":1}},"line":8},"2":{"name":"getItemFromString","decl":{"start":{"line":40,"column":7},"end":{"line":69,"column":1}},"loc":{"start":{"line":40,"column":7},"end":{"line":69,"column":1}},"line":40}},"f":{"0":0,"1":54,"2":33}}
,"C:\\Nuclei\\Assignment 1\\utility\\classes\\ImportedItem.ts": {"path":"C:\\Nuclei\\Assignment 1\\utility\\classes\\ImportedItem.ts","all":false,"statementMap":{"0":{"start":{"line":1,"column":0},"end":{"line":1,"column":30}},"1":{"start":{"line":2,"column":0},"end":{"line":2,"column":44}},"2":{"start":{"line":3,"column":0},"end":{"line":3,"column":0}},"3":{"start":{"line":4,"column":0},"end":{"line":4,"column":47}},"4":{"start":{"line":5,"column":0},"end":{"line":5,"column":27}},"5":{"start":{"line":6,"column":0},"end":{"line":6,"column":16}},"6":{"start":{"line":7,"column":0},"end":{"line":7,"column":34}},"7":{"start":{"line":8,"column":0},"end":{"line":8,"column":47}},"8":{"start":{"line":9,"column":0},"end":{"line":9,"column":42}},"9":{"start":{"line":10,"column":0},"end":{"line":10,"column":6}},"10":{"start":{"line":11,"column":0},"end":{"line":11,"column":55}},"11":{"start":{"line":12,"column":0},"end":{"line":12,"column":3}},"12":{"start":{"line":13,"column":0},"end":{"line":13,"column":26}},"13":{"start":{"line":14,"column":0},"end":{"line":14,"column":26}},"14":{"start":{"line":15,"column":0},"end":{"line":15,"column":14}},"15":{"start":{"line":16,"column":0},"end":{"line":16,"column":0}},"16":{"start":{"line":17,"column":0},"end":{"line":17,"column":37}},"17":{"start":{"line":18,"column":0},"end":{"line":18,"column":24}},"18":{"start":{"line":19,"column":0},"end":{"line":19,"column":40}},"19":{"start":{"line":20,"column":0},"end":{"line":20,"column":28}},"20":{"start":{"line":21,"column":0},"end":{"line":21,"column":15}},"21":{"start":{"line":22,"column":0},"end":{"line":22,"column":55}},"22":{"start":{"line":23,"column":0},"end":{"line":23,"column":16}},"23":{"start":{"line":24,"column":0},"end":{"line":24,"column":12}},"24":{"start":{"line":25,"column":0},"end":{"line":25,"column":31}},"25":{"start":{"line":26,"column":0},"end":{"line":26,"column":5}},"26":{"start":{"line":27,"column":0},"end":{"line":27,"column":31}},"27":{"start":{"line":28,"column":0},"end":{"line":28,"column":3}},"28":{"start":{"line":29,"column":0},"end":{"line":29,"column":1}}},"s":{"0":1,"1":1,"2":1,"3":1,"4":1,"5":9,"6":9,"7":9,"8":9,"9":9,"10":9,"11":9,"12":1,"13":9,"14":9,"15":9,"16":9,"17":9,"18":9,"19":9,"20":4,"21":9,"22":3,"23":5,"24":2,"25":2,"26":9,"27":9,"28":1},"branchMap":{"0":{"type":"branch","line":5,"loc":{"start":{"line":5,"column":2},"end":{"line":12,"column":3}},"locations":[{"start":{"line":5,"column":2},"end":{"line":12,"column":3}}]},"1":{"type":"branch","line":13,"loc":{"start":{"line":13,"column":2},"end":{"line":28,"column":3}},"locations":[{"start":{"line":13,"column":2},"end":{"line":28,"column":3}}]},"2":{"type":"branch","line":20,"loc":{"start":{"line":20,"column":27},"end":{"line":22,"column":15}},"locations":[{"start":{"line":20,"column":27},"end":{"line":22,"column":15}}]},"3":{"type":"branch","line":22,"loc":{"start":{"line":22,"column":4},"end":{"line":26,"column":5}},"locations":[{"start":{"line":22,"column":4},"end":{"line":26,"column":5}}]},"4":{"type":"branch","line":22,"loc":{"start":{"line":22,"column":54},"end":{"line":24,"column":11}},"locations":[{"start":{"line":22,"column":54},"end":{"line":24,"column":11}}]},"5":{"type":"branch","line":24,"loc":{"start":{"line":24,"column":4},"end":{"line":26,"column":5}},"locations":[{"start":{"line":24,"column":4},"end":{"line":26,"column":5}}]}},"b":{"0":[9],"1":[9],"2":[4],"3":[5],"4":[3],"5":[2]},"fnMap":{"0":{"name":"ImportedItem","decl":{"start":{"line":5,"column":2},"end":{"line":12,"column":3}},"loc":{"start":{"line":5,"column":2},"end":{"line":12,"column":3}},"line":5},"1":{"name":"calculateTax","decl":{"start":{"line":13,"column":2},"end":{"line":28,"column":3}},"loc":{"start":{"line":13,"column":2},"end":{"line":28,"column":3}},"line":13}},"f":{"0":9,"1":9}}
,"C:\\Nuclei\\Assignment 1\\utility\\classes\\Item.ts": {"path":"C:\\Nuclei\\Assignment 1\\utility\\classes\\Item.ts","all":false,"statementMap":{"0":{"start":{"line":1,"column":0},"end":{"line":1,"column":45}},"1":{"start":{"line":2,"column":0},"end":{"line":2,"column":0}},"2":{"start":{"line":3,"column":0},"end":{"line":3,"column":19}},"3":{"start":{"line":4,"column":0},"end":{"line":4,"column":15}},"4":{"start":{"line":5,"column":0},"end":{"line":5,"column":16}},"5":{"start":{"line":6,"column":0},"end":{"line":6,"column":19}},"6":{"start":{"line":7,"column":0},"end":{"line":7,"column":44}},"7":{"start":{"line":8,"column":0},"end":{"line":8,"column":21}},"8":{"start":{"line":9,"column":0},"end":{"line":9,"column":17}},"9":{"start":{"line":10,"column":0},"end":{"line":10,"column":18}},"10":{"start":{"line":11,"column":0},"end":{"line":11,"column":21}},"11":{"start":{"line":12,"column":0},"end":{"line":12,"column":46}},"12":{"start":{"line":13,"column":0},"end":{"line":13,"column":6}},"13":{"start":{"line":14,"column":0},"end":{"line":14,"column":47}},"14":{"start":{"line":15,"column":0},"end":{"line":15,"column":21}},"15":{"start":{"line":16,"column":0},"end":{"line":16,"column":23}},"16":{"start":{"line":17,"column":0},"end":{"line":17,"column":29}},"17":{"start":{"line":18,"column":0},"end":{"line":18,"column":21}},"18":{"start":{"line":19,"column":0},"end":{"line":19,"column":3}},"19":{"start":{"line":20,"column":0},"end":{"line":20,"column":1}}},"s":{"0":1,"1":1,"2":1,"3":1,"4":1,"5":1,"6":1,"7":1,"8":21,"9":21,"10":21,"11":21,"12":21,"13":21,"14":21,"15":21,"16":21,"17":21,"18":21,"19":1},"branchMap":{"0":{"type":"branch","line":8,"loc":{"start":{"line":8,"column":2},"end":{"line":19,"column":3}},"locations":[{"start":{"line":8,"column":2},"end":{"line":19,"column":3}}]}},"b":{"0":[21]},"fnMap":{"0":{"name":"Item","decl":{"start":{"line":8,"column":2},"end":{"line":19,"column":3}},"loc":{"start":{"line":8,"column":2},"end":{"line":19,"column":3}},"line":8}},"f":{"0":21}}
,"C:\\Nuclei\\Assignment 1\\utility\\classes\\ItemWithTax.ts": {"path":"C:\\Nuclei\\Assignment 1\\utility\\classes\\ItemWithTax.ts","all":false,"statementMap":{"0":{"start":{"line":1,"column":0},"end":{"line":1,"column":30}},"1":{"start":{"line":2,"column":0},"end":{"line":2,"column":0}},"2":{"start":{"line":3,"column":0},"end":{"line":3,"column":39}},"3":{"start":{"line":4,"column":0},"end":{"line":4,"column":35}},"4":{"start":{"line":5,"column":0},"end":{"line":5,"column":21}},"5":{"start":{"line":6,"column":0},"end":{"line":6,"column":27}},"6":{"start":{"line":7,"column":0},"end":{"line":7,"column":16}},"7":{"start":{"line":8,"column":0},"end":{"line":8,"column":38}},"8":{"start":{"line":9,"column":0},"end":{"line":9,"column":24}},"9":{"start":{"line":10,"column":0},"end":{"line":10,"column":3}},"10":{"start":{"line":11,"column":0},"end":{"line":11,"column":1}}},"s":{"0":1,"1":1,"2":1,"3":1,"4":1,"5":1,"6":21,"7":21,"8":21,"9":21,"10":1},"branchMap":{"0":{"type":"branch","line":6,"loc":{"start":{"line":6,"column":2},"end":{"line":10,"column":3}},"locations":[{"start":{"line":6,"column":2},"end":{"line":10,"column":3}}]}},"b":{"0":[21]},"fnMap":{"0":{"name":"ItemWithTax","decl":{"start":{"line":6,"column":2},"end":{"line":10,"column":3}},"loc":{"start":{"line":6,"column":2},"end":{"line":10,"column":3}},"line":6}},"f":{"0":21}}
,"C:\\Nuclei\\Assignment 1\\utility\\classes\\ManufacturedItem.ts": {"path":"C:\\Nuclei\\Assignment 1\\utility\\classes\\ManufacturedItem.ts","all":false,"statementMap":{"0":{"start":{"line":1,"column":0},"end":{"line":1,"column":30}},"1":{"start":{"line":2,"column":0},"end":{"line":2,"column":44}},"2":{"start":{"line":3,"column":0},"end":{"line":3,"column":0}},"3":{"start":{"line":4,"column":0},"end":{"line":4,"column":51}},"4":{"start":{"line":5,"column":0},"end":{"line":5,"column":27}},"5":{"start":{"line":6,"column":0},"end":{"line":6,"column":16}},"6":{"start":{"line":7,"column":0},"end":{"line":7,"column":34}},"7":{"start":{"line":8,"column":0},"end":{"line":8,"column":47}},"8":{"start":{"line":9,"column":0},"end":{"line":9,"column":42}},"9":{"start":{"line":10,"column":0},"end":{"line":10,"column":6}},"10":{"start":{"line":11,"column":0},"end":{"line":11,"column":55}},"11":{"start":{"line":12,"column":0},"end":{"line":12,"column":3}},"12":{"start":{"line":13,"column":0},"end":{"line":13,"column":26}},"13":{"start":{"line":14,"column":0},"end":{"line":14,"column":26}},"14":{"start":{"line":15,"column":0},"end":{"line":15,"column":14}},"15":{"start":{"line":16,"column":0},"end":{"line":16,"column":19}},"16":{"start":{"line":17,"column":0},"end":{"line":17,"column":68}},"17":{"start":{"line":18,"column":0},"end":{"line":18,"column":40}},"18":{"start":{"line":19,"column":0},"end":{"line":19,"column":15}},"19":{"start":{"line":20,"column":0},"end":{"line":20,"column":3}},"20":{"start":{"line":21,"column":0},"end":{"line":21,"column":1}}},"s":{"0":1,"1":1,"2":1,"3":1,"4":1,"5":5,"6":5,"7":5,"8":5,"9":5,"10":5,"11":5,"12":1,"13":5,"14":5,"15":5,"16":5,"17":5,"18":5,"19":5,"20":1},"branchMap":{"0":{"type":"branch","line":5,"loc":{"start":{"line":5,"column":2},"end":{"line":12,"column":3}},"locations":[{"start":{"line":5,"column":2},"end":{"line":12,"column":3}}]},"1":{"type":"branch","line":13,"loc":{"start":{"line":13,"column":2},"end":{"line":20,"column":3}},"locations":[{"start":{"line":13,"column":2},"end":{"line":20,"column":3}}]}},"b":{"0":[5],"1":[5]},"fnMap":{"0":{"name":"ManufacturedItem","decl":{"start":{"line":5,"column":2},"end":{"line":12,"column":3}},"loc":{"start":{"line":5,"column":2},"end":{"line":12,"column":3}},"line":5},"1":{"name":"calculateTax","decl":{"start":{"line":13,"column":2},"end":{"line":20,"column":3}},"loc":{"start":{"line":13,"column":2},"end":{"line":20,"column":3}},"line":13}},"f":{"0":5,"1":5}}
,"C:\\Nuclei\\Assignment 1\\utility\\classes\\RawItem.ts": {"path":"C:\\Nuclei\\Assignment 1\\utility\\classes\\RawItem.ts","all":false,"statementMap":{"0":{"start":{"line":1,"column":0},"end":{"line":1,"column":30}},"1":{"start":{"line":2,"column":0},"end":{"line":2,"column":44}},"2":{"start":{"line":3,"column":0},"end":{"line":3,"column":0}},"3":{"start":{"line":4,"column":0},"end":{"line":4,"column":42}},"4":{"start":{"line":5,"column":0},"end":{"line":5,"column":27}},"5":{"start":{"line":6,"column":0},"end":{"line":6,"column":16}},"6":{"start":{"line":7,"column":0},"end":{"line":7,"column":34}},"7":{"start":{"line":8,"column":0},"end":{"line":8,"column":47}},"8":{"start":{"line":9,"column":0},"end":{"line":9,"column":42}},"9":{"start":{"line":10,"column":0},"end":{"line":10,"column":6}},"10":{"start":{"line":11,"column":0},"end":{"line":11,"column":55}},"11":{"start":{"line":12,"column":0},"end":{"line":12,"column":3}},"12":{"start":{"line":13,"column":0},"end":{"line":13,"column":26}},"13":{"start":{"line":14,"column":0},"end":{"line":14,"column":26}},"14":{"start":{"line":15,"column":0},"end":{"line":15,"column":14}},"15":{"start":{"line":16,"column":0},"end":{"line":16,"column":39}},"16":{"start":{"line":17,"column":0},"end":{"line":17,"column":40}},"17":{"start":{"line":18,"column":0},"end":{"line":18,"column":15}},"18":{"start":{"line":19,"column":0},"end":{"line":19,"column":3}},"19":{"start":{"line":20,"column":0},"end":{"line":20,"column":1}}},"s":{"0":1,"1":1,"2":1,"3":1,"4":1,"5":7,"6":7,"7":7,"8":7,"9":7,"10":7,"11":7,"12":1,"13":7,"14":7,"15":7,"16":7,"17":7,"18":7,"19":1},"branchMap":{"0":{"type":"branch","line":5,"loc":{"start":{"line":5,"column":2},"end":{"line":12,"column":3}},"locations":[{"start":{"line":5,"column":2},"end":{"line":12,"column":3}}]},"1":{"type":"branch","line":13,"loc":{"start":{"line":13,"column":2},"end":{"line":19,"column":3}},"locations":[{"start":{"line":13,"column":2},"end":{"line":19,"column":3}}]}},"b":{"0":[7],"1":[7]},"fnMap":{"0":{"name":"RawItem","decl":{"start":{"line":5,"column":2},"end":{"line":12,"column":3}},"loc":{"start":{"line":5,"column":2},"end":{"line":12,"column":3}},"line":5},"1":{"name":"calculateTax","decl":{"start":{"line":13,"column":2},"end":{"line":19,"column":3}},"loc":{"start":{"line":13,"column":2},"end":{"line":19,"column":3}},"line":13}},"f":{"0":7,"1":7}}
,"C:\\Nuclei\\Assignment 1\\utility\\classes\\SalesTaxCalculator.ts": {"path":"C:\\Nuclei\\Assignment 1\\utility\\classes\\SalesTaxCalculator.ts","all":false,"statementMap":{"0":{"start":{"line":1,"column":0},"end":{"line":1,"column":45}},"1":{"start":{"line":2,"column":0},"end":{"line":2,"column":44}},"2":{"start":{"line":3,"column":0},"end":{"line":3,"column":56}},"3":{"start":{"line":4,"column":0},"end":{"line":4,"column":46}},"4":{"start":{"line":5,"column":0},"end":{"line":5,"column":54}},"5":{"start":{"line":6,"column":0},"end":{"line":6,"column":36}},"6":{"start":{"line":7,"column":0},"end":{"line":7,"column":0}},"7":{"start":{"line":8,"column":0},"end":{"line":8,"column":33}},"8":{"start":{"line":9,"column":0},"end":{"line":9,"column":65}},"9":{"start":{"line":10,"column":0},"end":{"line":10,"column":17}},"10":{"start":{"line":11,"column":0},"end":{"line":11,"column":27}},"11":{"start":{"line":12,"column":0},"end":{"line":12,"column":3}},"12":{"start":{"line":13,"column":0},"end":{"line":13,"column":32}},"13":{"start":{"line":14,"column":0},"end":{"line":14,"column":18}},"14":{"start":{"line":15,"column":0},"end":{"line":15,"column":11}},"15":{"start":{"line":16,"column":0},"end":{"line":16,"column":61}},"16":{"start":{"line":17,"column":0},"end":{"line":17,"column":35}},"17":{"start":{"line":18,"column":0},"end":{"line":18,"column":29}},"18":{"start":{"line":19,"column":0},"end":{"line":19,"column":23}},"19":{"start":{"line":20,"column":0},"end":{"line":20,"column":36}},"20":{"start":{"line":21,"column":0},"end":{"line":21,"column":43}},"21":{"start":{"line":22,"column":0},"end":{"line":22,"column":16}},"22":{"start":{"line":23,"column":0},"end":{"line":23,"column":22}},"23":{"start":{"line":24,"column":0},"end":{"line":24,"column":9}},"24":{"start":{"line":25,"column":0},"end":{"line":25,"column":26}},"25":{"start":{"line":26,"column":0},"end":{"line":26,"column":36}},"26":{"start":{"line":27,"column":0},"end":{"line":27,"column":7}},"27":{"start":{"line":28,"column":0},"end":{"line":28,"column":5}},"28":{"start":{"line":29,"column":0},"end":{"line":29,"column":3}},"29":{"start":{"line":30,"column":0},"end":{"line":30,"column":26}},"30":{"start":{"line":31,"column":0},"end":{"line":31,"column":43}},"31":{"start":{"line":32,"column":0},"end":{"line":32,"column":9}},"32":{"start":{"line":33,"column":0},"end":{"line":33,"column":51}},"33":{"start":{"line":34,"column":0},"end":{"line":34,"column":53}},"34":{"start":{"line":35,"column":0},"end":{"line":35,"column":57}},"35":{"start":{"line":36,"column":0},"end":{"line":36,"column":42}},"36":{"start":{"line":37,"column":0},"end":{"line":37,"column":24}},"37":{"start":{"line":38,"column":0},"end":{"line":38,"column":34}},"38":{"start":{"line":39,"column":0},"end":{"line":39,"column":5}},"39":{"start":{"line":40,"column":0},"end":{"line":40,"column":3}},"40":{"start":{"line":41,"column":0},"end":{"line":41,"column":16}},"41":{"start":{"line":42,"column":0},"end":{"line":42,"column":73}},"42":{"start":{"line":43,"column":0},"end":{"line":43,"column":16}},"43":{"start":{"line":44,"column":0},"end":{"line":44,"column":78}},"44":{"start":{"line":45,"column":0},"end":{"line":45,"column":6}},"45":{"start":{"line":46,"column":0},"end":{"line":46,"column":64}},"46":{"start":{"line":47,"column":0},"end":{"line":47,"column":37}},"47":{"start":{"line":48,"column":0},"end":{"line":48,"column":29}},"48":{"start":{"line":49,"column":0},"end":{"line":49,"column":3}},"49":{"start":{"line":50,"column":0},"end":{"line":50,"column":27}},"50":{"start":{"line":51,"column":0},"end":{"line":51,"column":16}},"51":{"start":{"line":52,"column":0},"end":{"line":52,"column":91}},"52":{"start":{"line":53,"column":0},"end":{"line":53,"column":6}},"53":{"start":{"line":54,"column":0},"end":{"line":54,"column":16}},"54":{"start":{"line":55,"column":0},"end":{"line":55,"column":93}},"55":{"start":{"line":56,"column":0},"end":{"line":56,"column":6}},"56":{"start":{"line":57,"column":0},"end":{"line":57,"column":40}},"57":{"start":{"line":58,"column":0},"end":{"line":58,"column":60}},"58":{"start":{"line":59,"column":0},"end":{"line":59,"column":16}},"59":{"start":{"line":60,"column":0},"end":{"line":60,"column":85}},"60":{"start":{"line":61,"column":0},"end":{"line":61,"column":6}},"61":{"start":{"line":62,"column":0},"end":{"line":62,"column":73}},"62":{"start":{"line":63,"column":0},"end":{"line":63,"column":73}},"63":{"start":{"line":64,"column":0},"end":{"line":64,"column":3}},"64":{"start":{"line":65,"column":0},"end":{"line":65,"column":9}},"65":{"start":{"line":66,"column":0},"end":{"line":66,"column":33}},"66":{"start":{"line":67,"column":0},"end":{"line":67,"column":18}},"67":{"start":{"line":68,"column":0},"end":{"line":68,"column":34}},"68":{"start":{"line":69,"column":0},"end":{"line":69,"column":38}},"69":{"start":{"line":70,"column":0},"end":{"line":70,"column":14}},"70":{"start":{"line":71,"column":0},"end":{"line":71,"column":7}},"71":{"start":{"line":72,"column":0},"end":{"line":72,"column":5}},"72":{"start":{"line":73,"column":0},"end":{"line":73,"column":22}},"73":{"start":{"line":74,"column":0},"end":{"line":74,"column":3}},"74":{"start":{"line":75,"column":0},"end":{"line":75,"column":1}}},"s":{"0":1,"1":1,"2":1,"3":1,"4":1,"5":1,"6":1,"7":1,"8":1,"9":1,"10":11,"11":11,"12":1,"13":21,"14":22,"15":22,"16":22,"17":22,"18":11,"19":11,"20":1,"21":11,"22":10,"23":10,"24":22,"25":1,"26":1,"27":22,"28":21,"29":1,"30":21,"31":21,"32":21,"33":21,"34":21,"35":21,"36":21,"37":0,"38":0,"39":21,"40":1,"41":11,"42":11,"43":11,"44":11,"45":11,"46":11,"47":11,"48":11,"49":1,"50":11,"51":11,"52":11,"53":11,"54":11,"55":11,"56":11,"57":11,"58":11,"59":11,"60":11,"61":11,"62":11,"63":11,"64":1,"65":11,"66":11,"67":21,"68":21,"69":11,"70":11,"71":21,"72":11,"73":11,"74":1},"branchMap":{"0":{"type":"branch","line":10,"loc":{"start":{"line":10,"column":2},"end":{"line":12,"column":3}},"locations":[{"start":{"line":10,"column":2},"end":{"line":12,"column":3}}]},"1":{"type":"branch","line":13,"loc":{"start":{"line":13,"column":2},"end":{"line":29,"column":3}},"locations":[{"start":{"line":13,"column":2},"end":{"line":29,"column":3}}]},"2":{"type":"branch","line":14,"loc":{"start":{"line":14,"column":17},"end":{"line":28,"column":5}},"locations":[{"start":{"line":14,"column":17},"end":{"line":28,"column":5}}]},"3":{"type":"branch","line":18,"loc":{"start":{"line":18,"column":28},"end":{"line":24,"column":9}},"locations":[{"start":{"line":18,"column":28},"end":{"line":24,"column":9}}]},"4":{"type":"branch","line":20,"loc":{"start":{"line":20,"column":35},"end":{"line":22,"column":15}},"locations":[{"start":{"line":20,"column":35},"end":{"line":22,"column":15}}]},"5":{"type":"branch","line":22,"loc":{"start":{"line":22,"column":8},"end":{"line":24,"column":9}},"locations":[{"start":{"line":22,"column":8},"end":{"line":24,"column":9}}]},"6":{"type":"branch","line":25,"loc":{"start":{"line":25,"column":6},"end":{"line":27,"column":7}},"locations":[{"start":{"line":25,"column":6},"end":{"line":27,"column":7}}]},"7":{"type":"branch","line":30,"loc":{"start":{"line":30,"column":2},"end":{"line":40,"column":3}},"locations":[{"start":{"line":30,"column":2},"end":{"line":40,"column":3}}]},"8":{"type":"branch","line":37,"loc":{"start":{"line":37,"column":4},"end":{"line":39,"column":5}},"locations":[{"start":{"line":37,"column":4},"end":{"line":39,"column":5}}]},"9":{"type":"branch","line":41,"loc":{"start":{"line":41,"column":2},"end":{"line":49,"column":3}},"locations":[{"start":{"line":41,"column":2},"end":{"line":49,"column":3}}]},"10":{"type":"branch","line":50,"loc":{"start":{"line":50,"column":2},"end":{"line":64,"column":3}},"locations":[{"start":{"line":50,"column":2},"end":{"line":64,"column":3}}]},"11":{"type":"branch","line":65,"loc":{"start":{"line":65,"column":2},"end":{"line":74,"column":3}},"locations":[{"start":{"line":65,"column":2},"end":{"line":74,"column":3}}]},"12":{"type":"branch","line":67,"loc":{"start":{"line":67,"column":17},"end":{"line":72,"column":5}},"locations":[{"start":{"line":67,"column":17},"end":{"line":72,"column":5}}]},"13":{"type":"branch","line":69,"loc":{"start":{"line":69,"column":37},"end":{"line":71,"column":7}},"locations":[{"start":{"line":69,"column":37},"end":{"line":71,"column":7}}]}},"b":{"0":[11],"1":[21],"2":[22],"3":[11],"4":[1],"5":[10],"6":[1],"7":[21],"8":[0],"9":[11],"10":[11],"11":[11],"12":[21],"13":[11]},"fnMap":{"0":{"name":"SalesTaxCalculator","decl":{"start":{"line":10,"column":2},"end":{"line":12,"column":3}},"loc":{"start":{"line":10,"column":2},"end":{"line":12,"column":3}},"line":10},"1":{"name":"askToAddMoreItems","decl":{"start":{"line":13,"column":2},"end":{"line":29,"column":3}},"loc":{"start":{"line":13,"column":2},"end":{"line":29,"column":3}},"line":13},"2":{"name":"takeInputItemDetails","decl":{"start":{"line":30,"column":2},"end":{"line":40,"column":3}},"loc":{"start":{"line":30,"column":2},"end":{"line":40,"column":3}},"line":30},"3":{"name":"showOutput","decl":{"start":{"line":41,"column":2},"end":{"line":49,"column":3}},"loc":{"start":{"line":41,"column":2},"end":{"line":49,"column":3}},"line":41},"4":{"name":"showInputInstructions","decl":{"start":{"line":50,"column":2},"end":{"line":64,"column":3}},"loc":{"start":{"line":50,"column":2},"end":{"line":64,"column":3}},"line":50},"5":{"name":"run","decl":{"start":{"line":65,"column":2},"end":{"line":74,"column":3}},"loc":{"start":{"line":65,"column":2},"end":{"line":74,"column":3}},"line":65}},"f":{"0":11,"1":21,"2":21,"3":11,"4":11,"5":11}}
}
